c:\users\1916016\desktop\開発\10.06\project\x64\debug\vc142.pdb
c:\users\1916016\desktop\開発\10.06\project\x64\debug\vc142.idb
c:\users\1916016\desktop\開発\10.06\project\x64\debug\shooting.obj
c:\users\1916016\desktop\開発\10.06\project\x64\debug\screen.obj
c:\users\1916016\desktop\開発\10.06\project\x64\debug\snake.obj
c:\users\1916016\desktop\開発\10.06\project\x64\debug\puzle.obj
c:\users\1916016\desktop\開発\10.06\project\x64\debug\memory.obj
c:\users\1916016\desktop\開発\10.06\project\x64\debug\gun.obj
c:\users\1916016\desktop\開発\10.06\project\x64\debug\game.obj
c:\users\1916016\desktop\開発\10.06\project\x64\debug\main.obj
c:\users\1916016\desktop\開発\10.06\project\x64\debug\pad.obj
c:\users\1916016\desktop\開発\10.06\project\x64\debug\keyboard.obj
c:\users\1916016\desktop\開発\10.06\project\x64\debug\action.obj
c:\users\1916016\desktop\開発\10.06\project\x64\debug\project.exe
c:\users\1916016\desktop\開発\10.06\project\x64\debug\project.ilk
c:\users\1916016\desktop\開発\10.06\project\x64\debug\project.pdb
c:\users\1916016\desktop\開発\10.06\project\x64\debug\project.tlog\cl.command.1.tlog
c:\users\1916016\desktop\開発\10.06\project\x64\debug\project.tlog\cl.read.1.tlog
c:\users\1916016\desktop\開発\10.06\project\x64\debug\project.tlog\cl.write.1.tlog
c:\users\1916016\desktop\開発\10.06\project\x64\debug\project.tlog\link.command.1.tlog
c:\users\1916016\desktop\開発\10.06\project\x64\debug\project.tlog\link.read.1.tlog
c:\users\1916016\desktop\開発\10.06\project\x64\debug\project.tlog\link.write.1.tlog
